<?xml version="1.0" encoding="UTF-8"?>
<testsuite name="com.bbcnews.automation.scripts.BBCNewsSmokeTestKotlin" tests="15" skipped="0" failures="0" errors="0" timestamp="2019-03-25T13:38:21" hostname="mc-s097627" time="170.008">
  <properties/>
  <testcase name="testOpenNewsApp" classname="com.bbcnews.automation.scripts.BBCNewsSmokeTestKotlin" time="2.444"/>
  <testcase name="testCheckHomePage" classname="com.bbcnews.automation.scripts.BBCNewsSmokeTestKotlin" time="24.157"/>
  <testcase name="testAllowLocation" classname="com.bbcnews.automation.scripts.BBCNewsSmokeTestKotlin" time="8.998"/>
  <testcase name="testPopularPage" classname="com.bbcnews.automation.scripts.BBCNewsSmokeTestKotlin" time="8.779"/>
  <testcase name="testcheckMostWatched" classname="com.bbcnews.automation.scripts.BBCNewsSmokeTestKotlin" time="7.842"/>
  <testcase name="testMyNewsPage" classname="com.bbcnews.automation.scripts.BBCNewsSmokeTestKotlin" time="4.723"/>
  <testcase name="testAddingTopicstoMyNewsPage" classname="com.bbcnews.automation.scripts.BBCNewsSmokeTestKotlin" time="16.152"/>
  <testcase name="testCheckAddedTopicsUnderMyTopics" classname="com.bbcnews.automation.scripts.BBCNewsSmokeTestKotlin" time="5.36"/>
  <testcase name="testCheckAddedTopicsUnderMyNews" classname="com.bbcnews.automation.scripts.BBCNewsSmokeTestKotlin" time="8.743"/>
  <testcase name="testMyNewsRemoveTopics" classname="com.bbcnews.automation.scripts.BBCNewsSmokeTestKotlin" time="9.398"/>
  <testcase name="testCheckArtcilesofTopics" classname="com.bbcnews.automation.scripts.BBCNewsSmokeTestKotlin" time="15.672"/>
  <testcase name="testMenuPage" classname="com.bbcnews.automation.scripts.BBCNewsSmokeTestKotlin" time="20.725"/>
  <testcase name="testVideoPage" classname="com.bbcnews.automation.scripts.BBCNewsSmokeTestKotlin" time="8.647"/>
  <testcase name="testCheckLiveVideoSeeking" classname="com.bbcnews.automation.scripts.BBCNewsSmokeTestKotlin" time="17.348"/>
  <testcase name="testSearchStories" classname="com.bbcnews.automation.scripts.BBCNewsSmokeTestKotlin" time="10.789"/>
  <system-out><![CDATA[on test method testOpenNewsApp start
on test method testCheckHomePage start
on test method testAllowLocation start
on test method testPopularPage start
on test method testcheckMostWatched start
on test method testMyNewsPage start
on test method testAddingTopicstoMyNewsPage start
on test method testCheckAddedTopicsUnderMyTopics start
on test method testCheckAddedTopicsUnderMyNews start
on test method testMyNewsRemoveTopics start
on test method testCheckArtcilesofTopics start
The size of cards are4
The text of  are:- Less
The text of  are:- More
on test method testMenuPage start
on test method testVideoPage start
on test method testCheckLiveVideoSeeking start
Startx :1
Endx  :1439
Yaxis  :826
Moving seek bar at 431 In X direction.
on test method testSearchStories start
]]></system-out>
  <system-err><![CDATA[]]></system-err>
</testsuite>
