<?xml version="1.0" encoding="UTF-8"?>
<!-- Generated by org.testng.reporters.JUnitReportReporter -->
<testsuite skipped="0" hostname="mc-s097627" name="com.bbcnews.automation.scripts.BBCNewsSmokeTestKotlin" tests="15" failures="0" timestamp="22 Mar 2019 10:59:18 GMT" time="220.978" errors="0">
  <testcase name="testOpenNewsApp" time="4.785" classname="com.bbcnews.automation.scripts.BBCNewsSmokeTestKotlin"/>
  <testcase name="testCheckHomePage" time="46.030" classname="com.bbcnews.automation.scripts.BBCNewsSmokeTestKotlin"/>
  <testcase name="testAllowLocation" time="11.695" classname="com.bbcnews.automation.scripts.BBCNewsSmokeTestKotlin"/>
  <testcase name="testPopularPage" time="10.003" classname="com.bbcnews.automation.scripts.BBCNewsSmokeTestKotlin"/>
  <testcase name="testcheckMostWatched" time="8.692" classname="com.bbcnews.automation.scripts.BBCNewsSmokeTestKotlin"/>
  <testcase name="testMyNewsPage" time="5.817" classname="com.bbcnews.automation.scripts.BBCNewsSmokeTestKotlin"/>
  <testcase name="testAddingTopicstoMyNewsPage" time="20.187" classname="com.bbcnews.automation.scripts.BBCNewsSmokeTestKotlin"/>
  <testcase name="testCheckAddedTopicsUnderMyTopics" time="8.314" classname="com.bbcnews.automation.scripts.BBCNewsSmokeTestKotlin"/>
  <testcase name="testCheckAddedTopicsUnderMyNews" time="1.415" classname="com.bbcnews.automation.scripts.BBCNewsSmokeTestKotlin"/>
  <testcase name="testMyNewsRemoveTopics" time="15.225" classname="com.bbcnews.automation.scripts.BBCNewsSmokeTestKotlin"/>
  <testcase name="testCheckArtcilesofTopics" time="20.618" classname="com.bbcnews.automation.scripts.BBCNewsSmokeTestKotlin"/>
  <testcase name="testMenuPage" time="20.717" classname="com.bbcnews.automation.scripts.BBCNewsSmokeTestKotlin"/>
  <testcase name="testVideoPage" time="12.344" classname="com.bbcnews.automation.scripts.BBCNewsSmokeTestKotlin"/>
  <testcase name="testCheckLiveVideoSeeking" time="22.150" classname="com.bbcnews.automation.scripts.BBCNewsSmokeTestKotlin"/>
  <testcase name="testSearchStories" time="12.986" classname="com.bbcnews.automation.scripts.BBCNewsSmokeTestKotlin"/>
</testsuite> <!-- com.bbcnews.automation.scripts.BBCNewsSmokeTestKotlin -->
