<?xml version="1.0" encoding="UTF-8"?>
<!-- Generated by org.testng.reporters.JUnitReportReporter -->
<testsuite skipped="0" hostname="mc-s097627" name="com.bbcnews.automation.scripts.BBCNewsRegressionTestKotlin" tests="40" failures="0" timestamp="22 Mar 2019 11:38:40 GMT" time="693.047" errors="0">
  <testcase name="testOpenNewsApp" time="5.005" classname="com.bbcnews.automation.scripts.BBCNewsRegressionTestKotlin"/>
  <testcase name="testTopStories" time="20.432" classname="com.bbcnews.automation.scripts.BBCNewsRegressionTestKotlin"/>
  <testcase name="testToCheckTopicsTopStores" time="82.521" classname="com.bbcnews.automation.scripts.BBCNewsRegressionTestKotlin"/>
  <testcase name="testMyNewsTopStoriesTopics" time="18.162" classname="com.bbcnews.automation.scripts.BBCNewsRegressionTestKotlin"/>
  <testcase name="testAllowLocation" time="11.964" classname="com.bbcnews.automation.scripts.BBCNewsRegressionTestKotlin"/>
  <testcase name="testMyNews" time="6.842" classname="com.bbcnews.automation.scripts.BBCNewsRegressionTestKotlin"/>
  <testcase name="testAddingTopicsPage" time="18.511" classname="com.bbcnews.automation.scripts.BBCNewsRegressionTestKotlin"/>
  <testcase name="testAddingTopicstoMyNewsPage" time="52.582" classname="com.bbcnews.automation.scripts.BBCNewsRegressionTestKotlin"/>
  <testcase name="testCheckAddedTopics" time="9.411" classname="com.bbcnews.automation.scripts.BBCNewsRegressionTestKotlin"/>
  <testcase name="testCheckOrderingofTopicsAdded" time="0.780" classname="com.bbcnews.automation.scripts.BBCNewsRegressionTestKotlin"/>
  <testcase name="testSelectedAddedTopics" time="15.429" classname="com.bbcnews.automation.scripts.BBCNewsRegressionTestKotlin"/>
  <testcase name="testCheckReOrderingofTopicsAdded" time="17.630" classname="com.bbcnews.automation.scripts.BBCNewsRegressionTestKotlin"/>
  <testcase name="testcheckMenuItems" time="24.254" classname="com.bbcnews.automation.scripts.BBCNewsRegressionTestKotlin"/>
  <testcase name="testVideopage" time="29.646" classname="com.bbcnews.automation.scripts.BBCNewsRegressionTestKotlin"/>
  <testcase name="playingLandspace" time="12.771" classname="com.bbcnews.automation.scripts.BBCNewsRegressionTestKotlin"/>
  <testcase name="scrubbingvideoplayback" time="5.750" classname="com.bbcnews.automation.scripts.BBCNewsRegressionTestKotlin"/>
  <testcase name="testSearchStories" time="14.594" classname="com.bbcnews.automation.scripts.BBCNewsRegressionTestKotlin"/>
  <testcase name="testSelectSearchResult" time="16.091" classname="com.bbcnews.automation.scripts.BBCNewsRegressionTestKotlin"/>
  <testcase name="testSearchTopic" time="11.445" classname="com.bbcnews.automation.scripts.BBCNewsRegressionTestKotlin"/>
  <testcase name="testArtictleItemWithoutItemBadge" time="8.529" classname="com.bbcnews.automation.scripts.BBCNewsRegressionTestKotlin"/>
  <testcase name="testArtictleItemWithItemBadge" time="21.293" classname="com.bbcnews.automation.scripts.BBCNewsRegressionTestKotlin"/>
  <testcase name="testSearchArticle" time="14.172" classname="com.bbcnews.automation.scripts.BBCNewsRegressionTestKotlin"/>
  <testcase name="testondemandvideoplyback" time="8.666" classname="com.bbcnews.automation.scripts.BBCNewsRegressionTestKotlin"/>
  <testcase name="testseekingvideoforward" time="4.047" classname="com.bbcnews.automation.scripts.BBCNewsRegressionTestKotlin"/>
  <testcase name="testseekingvideobackward" time="2.243" classname="com.bbcnews.automation.scripts.BBCNewsRegressionTestKotlin"/>
  <testcase name="testRelatedStoriesArticle" time="25.749" classname="com.bbcnews.automation.scripts.BBCNewsRegressionTestKotlin"/>
  <testcase name="testRelatedTopicArticle" time="17.192" classname="com.bbcnews.automation.scripts.BBCNewsRegressionTestKotlin"/>
  <testcase name="testcheckTermsPrivacyPolicy" time="18.512" classname="com.bbcnews.automation.scripts.BBCNewsRegressionTestKotlin"/>
  <testcase name="testTopStoriesvideo" time="13.249" classname="com.bbcnews.automation.scripts.BBCNewsRegressionTestKotlin"/>
  <testcase name="testAppbackground" time="36.495" classname="com.bbcnews.automation.scripts.BBCNewsRegressionTestKotlin"/>
  <testcase name="testPopularPage" time="8.766" classname="com.bbcnews.automation.scripts.BBCNewsRegressionTestKotlin"/>
  <testcase name="testCheckMostReadPopular" time="8.438" classname="com.bbcnews.automation.scripts.BBCNewsRegressionTestKotlin"/>
  <testcase name="testcheckMostWatched" time="13.466" classname="com.bbcnews.automation.scripts.BBCNewsRegressionTestKotlin"/>
  <testcase name="testcheckMostWatchedArticle" time="5.670" classname="com.bbcnews.automation.scripts.BBCNewsRegressionTestKotlin"/>
  <testcase name="testArrangeTopicsFromBottomToTop" time="29.355" classname="com.bbcnews.automation.scripts.BBCNewsRegressionTestKotlin"/>
  <testcase name="testcheckofflinescenario" time="9.171" classname="com.bbcnews.automation.scripts.BBCNewsRegressionTestKotlin"/>
  <testcase name="testplayingvideooffline" time="31.335" classname="com.bbcnews.automation.scripts.BBCNewsRegressionTestKotlin"/>
  <testcase name="testPlayingVideoOnLine" time="11.819" classname="com.bbcnews.automation.scripts.BBCNewsRegressionTestKotlin"/>
  <testcase name="testSelectArticleTopic" time="12.691" classname="com.bbcnews.automation.scripts.BBCNewsRegressionTestKotlin"/>
  <testcase name="testSelectVideoArticleTopic" time="18.369" classname="com.bbcnews.automation.scripts.BBCNewsRegressionTestKotlin"/>
</testsuite> <!-- com.bbcnews.automation.scripts.BBCNewsRegressionTestKotlin -->
