<?xml version="1.0" encoding="UTF-8"?>
<!-- Generated by org.testng.reporters.JUnitReportReporter -->
<testsuite skipped="0" hostname="mc-s097627" name="com.bbcnews.automation.scripts.BBCNewsRegressionTestKotlin" tests="40" failures="0" timestamp="25 Mar 2019 13:27:45 GMT" time="636.967" errors="1">
  <testcase name="testOpenNewsApp" time="2.366" classname="com.bbcnews.automation.scripts.BBCNewsRegressionTestKotlin"/>
  <testcase name="testTopStories" time="22.257" classname="com.bbcnews.automation.scripts.BBCNewsRegressionTestKotlin"/>
  <testcase name="testToCheckTopicsTopStores" time="72.308" classname="com.bbcnews.automation.scripts.BBCNewsRegressionTestKotlin"/>
  <testcase name="testMyNewsTopStoriesTopics" time="12.102" classname="com.bbcnews.automation.scripts.BBCNewsRegressionTestKotlin"/>
  <testcase name="testAllowLocation" time="8.153" classname="com.bbcnews.automation.scripts.BBCNewsRegressionTestKotlin"/>
  <testcase name="testMyNews" time="4.964" classname="com.bbcnews.automation.scripts.BBCNewsRegressionTestKotlin"/>
  <testcase name="testAddingTopicsPage" time="15.028" classname="com.bbcnews.automation.scripts.BBCNewsRegressionTestKotlin"/>
  <testcase name="testAddingTopicstoMyNewsPage" time="44.521" classname="com.bbcnews.automation.scripts.BBCNewsRegressionTestKotlin"/>
  <testcase name="testCheckAddedTopics" time="17.370" classname="com.bbcnews.automation.scripts.BBCNewsRegressionTestKotlin"/>
  <testcase name="testCheckOrderingofTopicsAdded" time="3.676" classname="com.bbcnews.automation.scripts.BBCNewsRegressionTestKotlin"/>
  <testcase name="testSelectedAddedTopics" time="24.495" classname="com.bbcnews.automation.scripts.BBCNewsRegressionTestKotlin">
    <error type="org.openqa.selenium.NoSuchElementException" message="An element could not be located on the page using the given search parameters.
For documentation on this error, please visit: http://seleniumhq.org/exceptions/no_such_element.html
Build info: version: &#039;3.14.0&#039;, revision: &#039;aacccce0&#039;, time: &#039;2018-08-02T20:19:58.91Z&#039;
System info: host: &#039;mc-s097627&#039;, ip: &#039;192.168.0.44&#039;, os.name: &#039;Mac OS X&#039;, os.arch: &#039;x86_64&#039;, os.version: &#039;10.12.6&#039;, java.version: &#039;1.8.0_181&#039;
Driver info: io.appium.java_client.android.AndroidDriver
Capabilities {--session-override: true, app: /Users/ramakh02/Desktop/too..., appActivity: bbc.mobile.news.v3.app.TopL..., appPackage: bbc.mobile.news.uk.internal, appiumversion: 1.8.1, automationName: UiAutomator2, databaseEnabled: false, desired: {--session-override: true, app: /Users/ramakh02/Desktop/too..., appActivity: bbc.mobile.news.v3.app.TopL..., appPackage: bbc.mobile.news.uk.internal, appiumversion: 1.8.1, automationName: UiAutomator2, deviceName: bbcnews, ignoreUnimportantViews: true, platformName: android, udid: 04157df4ec26b91a}, deviceApiLevel: 24, deviceManufacturer: samsung, deviceModel: SM-G925F, deviceName: 04157df4ec26b91a, deviceScreenDensity: 640, deviceScreenSize: 1440x2560, deviceUDID: 04157df4ec26b91a, ignoreUnimportantViews: true, javascriptEnabled: true, locationContextEnabled: false, networkConnectionEnabled: true, pixelRatio: 4, platform: LINUX, platformName: Android, platformVersion: 7.0, statBarHeight: 96, takesScreenshot: true, udid: 04157df4ec26b91a, viewportRect: {height: 2464, left: 0, top: 96, width: 1440}, warnings: {}, webStorageEnabled: false}
Session ID: d0f1f319-ce21-4fa8-9d42-dac557b841f2
*** Element info: {Using=id, value=bbc.mobile.news.uk.internal:id/item_image}">
      <![CDATA[org.openqa.selenium.NoSuchElementException: An element could not be located on the page using the given search parameters.
For documentation on this error, please visit: http://seleniumhq.org/exceptions/no_such_element.html
Build info: version: '3.14.0', revision: 'aacccce0', time: '2018-08-02T20:19:58.91Z'
System info: host: 'mc-s097627', ip: '192.168.0.44', os.name: 'Mac OS X', os.arch: 'x86_64', os.version: '10.12.6', java.version: '1.8.0_181'
Driver info: io.appium.java_client.android.AndroidDriver
Capabilities {--session-override: true, app: /Users/ramakh02/Desktop/too..., appActivity: bbc.mobile.news.v3.app.TopL..., appPackage: bbc.mobile.news.uk.internal, appiumversion: 1.8.1, automationName: UiAutomator2, databaseEnabled: false, desired: {--session-override: true, app: /Users/ramakh02/Desktop/too..., appActivity: bbc.mobile.news.v3.app.TopL..., appPackage: bbc.mobile.news.uk.internal, appiumversion: 1.8.1, automationName: UiAutomator2, deviceName: bbcnews, ignoreUnimportantViews: true, platformName: android, udid: 04157df4ec26b91a}, deviceApiLevel: 24, deviceManufacturer: samsung, deviceModel: SM-G925F, deviceName: 04157df4ec26b91a, deviceScreenDensity: 640, deviceScreenSize: 1440x2560, deviceUDID: 04157df4ec26b91a, ignoreUnimportantViews: true, javascriptEnabled: true, locationContextEnabled: false, networkConnectionEnabled: true, pixelRatio: 4, platform: LINUX, platformName: Android, platformVersion: 7.0, statBarHeight: 96, takesScreenshot: true, udid: 04157df4ec26b91a, viewportRect: {height: 2464, left: 0, top: 96, width: 1440}, warnings: {}, webStorageEnabled: false}
Session ID: d0f1f319-ce21-4fa8-9d42-dac557b841f2
*** Element info: {Using=id, value=bbc.mobile.news.uk.internal:id/item_image}
at sun.reflect.GeneratedConstructorAccessor20.newInstance(Unknown Source)
at sun.reflect.DelegatingConstructorAccessorImpl.newInstance(DelegatingConstructorAccessorImpl.java:45)
at java.lang.reflect.Constructor.newInstance(Constructor.java:423)
at org.openqa.selenium.remote.http.W3CHttpResponseCodec.createException(W3CHttpResponseCodec.java:187)
at org.openqa.selenium.remote.http.W3CHttpResponseCodec.decode(W3CHttpResponseCodec.java:122)
at org.openqa.selenium.remote.http.W3CHttpResponseCodec.decode(W3CHttpResponseCodec.java:49)
at org.openqa.selenium.remote.HttpCommandExecutor.execute(HttpCommandExecutor.java:158)
at io.appium.java_client.remote.AppiumCommandExecutor.execute(AppiumCommandExecutor.java:231)
at org.openqa.selenium.remote.RemoteWebDriver.execute(RemoteWebDriver.java:548)
at io.appium.java_client.DefaultGenericMobileDriver.execute(DefaultGenericMobileDriver.java:42)
at io.appium.java_client.AppiumDriver.execute(AppiumDriver.java:1)
at io.appium.java_client.android.AndroidDriver.execute(AndroidDriver.java:1)
at org.openqa.selenium.remote.RemoteWebDriver.findElement(RemoteWebDriver.java:322)
at io.appium.java_client.DefaultGenericMobileDriver.findElement(DefaultGenericMobileDriver.java:62)
at io.appium.java_client.AppiumDriver.findElement(AppiumDriver.java:1)
at io.appium.java_client.android.AndroidDriver.findElement(AndroidDriver.java:1)
at org.openqa.selenium.remote.RemoteWebDriver.findElementById(RemoteWebDriver.java:368)
at io.appium.java_client.DefaultGenericMobileDriver.findElementById(DefaultGenericMobileDriver.java:70)
at io.appium.java_client.AppiumDriver.findElementById(AppiumDriver.java:1)
at io.appium.java_client.android.AndroidDriver.findElementById(AndroidDriver.java:1)
at org.openqa.selenium.By$ById.findElement(By.java:188)
at org.openqa.selenium.remote.RemoteWebDriver.findElement(RemoteWebDriver.java:314)
at io.appium.java_client.DefaultGenericMobileDriver.findElement(DefaultGenericMobileDriver.java:58)
at io.appium.java_client.AppiumDriver.findElement(AppiumDriver.java:1)
at io.appium.java_client.android.AndroidDriver.findElement(AndroidDriver.java:1)
at com.bbcnews.automation.commonfunctions.CommonFunctionKotlin.isElementPresent(CommonFunctionKotlin.kt:371)
at com.bbcnews.automation.scripts.BBCNewsRegressionTestKotlin.testSelectedAddedTopics(BBCNewsRegressionTestKotlin.kt:434)
at sun.reflect.NativeMethodAccessorImpl.invoke0(Native Method)
at sun.reflect.NativeMethodAccessorImpl.invoke(NativeMethodAccessorImpl.java:62)
at sun.reflect.DelegatingMethodAccessorImpl.invoke(DelegatingMethodAccessorImpl.java:43)
at java.lang.reflect.Method.invoke(Method.java:498)
at org.testng.internal.MethodInvocationHelper.invokeMethod(MethodInvocationHelper.java:124)
at org.testng.internal.Invoker.invokeMethod(Invoker.java:583)
at org.testng.internal.Invoker.invokeTestMethod(Invoker.java:719)
at org.testng.internal.Invoker.invokeTestMethods(Invoker.java:989)
at org.testng.internal.TestMethodWorker.invokeTestMethods(TestMethodWorker.java:125)
at org.testng.internal.TestMethodWorker.run(TestMethodWorker.java:109)
at org.testng.TestRunner.privateRun(TestRunner.java:648)
at org.testng.TestRunner.run(TestRunner.java:505)
at org.testng.SuiteRunner.runTest(SuiteRunner.java:455)
at org.testng.SuiteRunner.runSequentially(SuiteRunner.java:450)
at org.testng.SuiteRunner.privateRun(SuiteRunner.java:415)
at org.testng.SuiteRunner.run(SuiteRunner.java:364)
at org.testng.SuiteRunnerWorker.runSuite(SuiteRunnerWorker.java:52)
at org.testng.SuiteRunnerWorker.run(SuiteRunnerWorker.java:84)
at org.testng.TestNG.runSuitesSequentially(TestNG.java:1208)
at org.testng.TestNG.runSuitesLocally(TestNG.java:1137)
at org.testng.TestNG.runSuites(TestNG.java:1049)
at org.testng.TestNG.run(TestNG.java:1017)
at org.gradle.api.internal.tasks.testing.testng.TestNGTestClassProcessor.runTests(TestNGTestClassProcessor.java:139)
at org.gradle.api.internal.tasks.testing.testng.TestNGTestClassProcessor.stop(TestNGTestClassProcessor.java:89)
at org.gradle.api.internal.tasks.testing.SuiteTestClassProcessor.stop(SuiteTestClassProcessor.java:61)
at sun.reflect.NativeMethodAccessorImpl.invoke0(Native Method)
at sun.reflect.NativeMethodAccessorImpl.invoke(NativeMethodAccessorImpl.java:62)
at sun.reflect.DelegatingMethodAccessorImpl.invoke(DelegatingMethodAccessorImpl.java:43)
at java.lang.reflect.Method.invoke(Method.java:498)
at org.gradle.internal.dispatch.ReflectionDispatch.dispatch(ReflectionDispatch.java:35)
at org.gradle.internal.dispatch.ReflectionDispatch.dispatch(ReflectionDispatch.java:24)
at org.gradle.internal.dispatch.ContextClassLoaderDispatch.dispatch(ContextClassLoaderDispatch.java:32)
at org.gradle.internal.dispatch.ProxyDispatchAdapter$DispatchingInvocationHandler.invoke(ProxyDispatchAdapter.java:93)
at com.sun.proxy.$Proxy2.stop(Unknown Source)
at org.gradle.api.internal.tasks.testing.worker.TestWorker.stop(TestWorker.java:131)
at sun.reflect.NativeMethodAccessorImpl.invoke0(Native Method)
at sun.reflect.NativeMethodAccessorImpl.invoke(NativeMethodAccessorImpl.java:62)
at sun.reflect.DelegatingMethodAccessorImpl.invoke(DelegatingMethodAccessorImpl.java:43)
at java.lang.reflect.Method.invoke(Method.java:498)
at org.gradle.internal.dispatch.ReflectionDispatch.dispatch(ReflectionDispatch.java:35)
at org.gradle.internal.dispatch.ReflectionDispatch.dispatch(ReflectionDispatch.java:24)
at org.gradle.internal.remote.internal.hub.MessageHubBackedObjectConnection$DispatchWrapper.dispatch(MessageHubBackedObjectConnection.java:155)
at org.gradle.internal.remote.internal.hub.MessageHubBackedObjectConnection$DispatchWrapper.dispatch(MessageHubBackedObjectConnection.java:137)
at org.gradle.internal.remote.internal.hub.MessageHub$Handler.run(MessageHub.java:404)
at org.gradle.internal.concurrent.ExecutorPolicy$CatchAndRecordFailures.onExecute(ExecutorPolicy.java:63)
at org.gradle.internal.concurrent.ManagedExecutorImpl$1.run(ManagedExecutorImpl.java:46)
at java.util.concurrent.ThreadPoolExecutor.runWorker(ThreadPoolExecutor.java:1149)
at java.util.concurrent.ThreadPoolExecutor$Worker.run(ThreadPoolExecutor.java:624)
at org.gradle.internal.concurrent.ThreadFactoryImpl$ManagedThreadRunnable.run(ThreadFactoryImpl.java:55)
at java.lang.Thread.run(Thread.java:748)
]]>
    </error>
  </testcase> <!-- testSelectedAddedTopics -->
  <testcase name="testCheckReOrderingofTopicsAdded" time="16.652" classname="com.bbcnews.automation.scripts.BBCNewsRegressionTestKotlin"/>
  <testcase name="testcheckMenuItems" time="27.285" classname="com.bbcnews.automation.scripts.BBCNewsRegressionTestKotlin"/>
  <testcase name="testVideopage" time="23.821" classname="com.bbcnews.automation.scripts.BBCNewsRegressionTestKotlin"/>
  <testcase name="playingLandspace" time="8.496" classname="com.bbcnews.automation.scripts.BBCNewsRegressionTestKotlin"/>
  <testcase name="scrubbingvideoplayback" time="4.974" classname="com.bbcnews.automation.scripts.BBCNewsRegressionTestKotlin"/>
  <testcase name="testSearchStories" time="13.139" classname="com.bbcnews.automation.scripts.BBCNewsRegressionTestKotlin"/>
  <testcase name="testSelectSearchResult" time="13.360" classname="com.bbcnews.automation.scripts.BBCNewsRegressionTestKotlin"/>
  <testcase name="testSearchTopic" time="10.255" classname="com.bbcnews.automation.scripts.BBCNewsRegressionTestKotlin"/>
  <testcase name="testArtictleItemWithoutItemBadge" time="12.353" classname="com.bbcnews.automation.scripts.BBCNewsRegressionTestKotlin"/>
  <testcase name="testArtictleItemWithItemBadge" time="15.938" classname="com.bbcnews.automation.scripts.BBCNewsRegressionTestKotlin"/>
  <testcase name="testSearchArticle" time="12.390" classname="com.bbcnews.automation.scripts.BBCNewsRegressionTestKotlin"/>
  <testcase name="testondemandvideoplyback" time="8.926" classname="com.bbcnews.automation.scripts.BBCNewsRegressionTestKotlin"/>
  <testcase name="testseekingvideoforward" time="3.336" classname="com.bbcnews.automation.scripts.BBCNewsRegressionTestKotlin"/>
  <testcase name="testseekingvideobackward" time="1.842" classname="com.bbcnews.automation.scripts.BBCNewsRegressionTestKotlin"/>
  <testcase name="testRelatedStoriesArticle" time="30.335" classname="com.bbcnews.automation.scripts.BBCNewsRegressionTestKotlin"/>
  <testcase name="testRelatedTopicArticle" time="17.595" classname="com.bbcnews.automation.scripts.BBCNewsRegressionTestKotlin"/>
  <testcase name="testcheckTermsPrivacyPolicy" time="14.811" classname="com.bbcnews.automation.scripts.BBCNewsRegressionTestKotlin"/>
  <testcase name="testTopStoriesvideo" time="9.225" classname="com.bbcnews.automation.scripts.BBCNewsRegressionTestKotlin"/>
  <testcase name="testAppbackground" time="35.354" classname="com.bbcnews.automation.scripts.BBCNewsRegressionTestKotlin"/>
  <testcase name="testPopularPage" time="6.639" classname="com.bbcnews.automation.scripts.BBCNewsRegressionTestKotlin"/>
  <testcase name="testCheckMostReadPopular" time="7.193" classname="com.bbcnews.automation.scripts.BBCNewsRegressionTestKotlin"/>
  <testcase name="testcheckMostWatched" time="13.883" classname="com.bbcnews.automation.scripts.BBCNewsRegressionTestKotlin"/>
  <testcase name="testcheckMostWatchedArticle" time="5.084" classname="com.bbcnews.automation.scripts.BBCNewsRegressionTestKotlin"/>
  <testcase name="testArrangeTopicsFromBottomToTop" time="23.495" classname="com.bbcnews.automation.scripts.BBCNewsRegressionTestKotlin"/>
  <testcase name="testcheckofflinescenario" time="9.073" classname="com.bbcnews.automation.scripts.BBCNewsRegressionTestKotlin"/>
  <testcase name="testplayingvideooffline" time="28.004" classname="com.bbcnews.automation.scripts.BBCNewsRegressionTestKotlin"/>
  <testcase name="testPlayingVideoOnLine" time="8.580" classname="com.bbcnews.automation.scripts.BBCNewsRegressionTestKotlin"/>
  <testcase name="testSelectArticleTopic" time="12.968" classname="com.bbcnews.automation.scripts.BBCNewsRegressionTestKotlin"/>
  <testcase name="testSelectVideoArticleTopic" time="14.721" classname="com.bbcnews.automation.scripts.BBCNewsRegressionTestKotlin"/>
</testsuite> <!-- com.bbcnews.automation.scripts.BBCNewsRegressionTestKotlin -->
