<?xml version="1.0" encoding="UTF-8"?>
<!-- Generated by org.testng.reporters.JUnitReportReporter -->
<testsuite skipped="0" hostname="mc-s097627.local" name="com.bbcnews.automation.scripts.BBCNewsSmokeTestKotlin" tests="13" failures="0" timestamp="15 Mar 2019 11:06:10 GMT" time="212.281" errors="0">
  <testcase name="testOpenNewsApp" time="5.042" classname="com.bbcnews.automation.scripts.BBCNewsSmokeTestKotlin"/>
  <testcase name="testCheckHomePage" time="54.548" classname="com.bbcnews.automation.scripts.BBCNewsSmokeTestKotlin"/>
  <testcase name="testAllowLocation" time="12.156" classname="com.bbcnews.automation.scripts.BBCNewsSmokeTestKotlin"/>
  <testcase name="testPopularPage" time="11.094" classname="com.bbcnews.automation.scripts.BBCNewsSmokeTestKotlin"/>
  <testcase name="testcheckMostWatched" time="9.318" classname="com.bbcnews.automation.scripts.BBCNewsSmokeTestKotlin"/>
  <testcase name="testMyNewsPage" time="6.422" classname="com.bbcnews.automation.scripts.BBCNewsSmokeTestKotlin"/>
  <testcase name="testAddingTopicstoMyNewsPage" time="21.268" classname="com.bbcnews.automation.scripts.BBCNewsSmokeTestKotlin"/>
  <testcase name="testCheckAddedTopicsUnderMyTopics" time="8.067" classname="com.bbcnews.automation.scripts.BBCNewsSmokeTestKotlin"/>
  <testcase name="testCheckAddedTopicsUnderMyNews" time="11.005" classname="com.bbcnews.automation.scripts.BBCNewsSmokeTestKotlin"/>
  <testcase name="testMenuPage" time="27.469" classname="com.bbcnews.automation.scripts.BBCNewsSmokeTestKotlin"/>
  <testcase name="testVideoPage" time="11.670" classname="com.bbcnews.automation.scripts.BBCNewsSmokeTestKotlin"/>
  <testcase name="testCheckLiveVideoSeeking" time="21.354" classname="com.bbcnews.automation.scripts.BBCNewsSmokeTestKotlin"/>
  <testcase name="testSearchStories" time="12.868" classname="com.bbcnews.automation.scripts.BBCNewsSmokeTestKotlin"/>
</testsuite> <!-- com.bbcnews.automation.scripts.BBCNewsSmokeTestKotlin -->
