<?xml version="1.0" encoding="UTF-8"?>
<!-- Generated by org.testng.reporters.JUnitReportReporter -->
<testsuite skipped="0" hostname="mc-s097627" name="com.bbcnews.automation.scripts.BBCNewsSmokeTestKotlin" tests="15" failures="0" timestamp="22 Mar 2019 15:10:59 GMT" time="219.779" errors="0">
  <testcase name="testOpenNewsApp" time="4.658" classname="com.bbcnews.automation.scripts.BBCNewsSmokeTestKotlin"/>
  <testcase name="testCheckHomePage" time="37.503" classname="com.bbcnews.automation.scripts.BBCNewsSmokeTestKotlin"/>
  <testcase name="testAllowLocation" time="12.804" classname="com.bbcnews.automation.scripts.BBCNewsSmokeTestKotlin"/>
  <testcase name="testPopularPage" time="10.560" classname="com.bbcnews.automation.scripts.BBCNewsSmokeTestKotlin"/>
  <testcase name="testcheckMostWatched" time="6.884" classname="com.bbcnews.automation.scripts.BBCNewsSmokeTestKotlin"/>
  <testcase name="testMyNewsPage" time="6.622" classname="com.bbcnews.automation.scripts.BBCNewsSmokeTestKotlin"/>
  <testcase name="testAddingTopicstoMyNewsPage" time="18.702" classname="com.bbcnews.automation.scripts.BBCNewsSmokeTestKotlin"/>
  <testcase name="testCheckAddedTopicsUnderMyTopics" time="9.443" classname="com.bbcnews.automation.scripts.BBCNewsSmokeTestKotlin"/>
  <testcase name="testCheckAddedTopicsUnderMyNews" time="11.410" classname="com.bbcnews.automation.scripts.BBCNewsSmokeTestKotlin"/>
  <testcase name="testMyNewsRemoveTopics" time="16.212" classname="com.bbcnews.automation.scripts.BBCNewsSmokeTestKotlin"/>
  <testcase name="testCheckArtcilesofTopics" time="16.977" classname="com.bbcnews.automation.scripts.BBCNewsSmokeTestKotlin"/>
  <testcase name="testMenuPage" time="22.406" classname="com.bbcnews.automation.scripts.BBCNewsSmokeTestKotlin"/>
  <testcase name="testVideoPage" time="12.874" classname="com.bbcnews.automation.scripts.BBCNewsSmokeTestKotlin"/>
  <testcase name="testCheckLiveVideoSeeking" time="21.143" classname="com.bbcnews.automation.scripts.BBCNewsSmokeTestKotlin"/>
  <testcase name="testSearchStories" time="11.581" classname="com.bbcnews.automation.scripts.BBCNewsSmokeTestKotlin"/>
</testsuite> <!-- com.bbcnews.automation.scripts.BBCNewsSmokeTestKotlin -->
