<?xml version="1.0" encoding="UTF-8"?>
<!-- Generated by org.testng.reporters.JUnitReportReporter -->
<testsuite skipped="0" hostname="mc-s097627" name="com.bbcnews.automation.scripts.BBCNewsSmokeTestKotlin" tests="15" failures="0" timestamp="25 Mar 2019 13:41:16 GMT" time="169.800" errors="0">
  <testcase name="testOpenNewsApp" time="2.446" classname="com.bbcnews.automation.scripts.BBCNewsSmokeTestKotlin"/>
  <testcase name="testCheckHomePage" time="24.159" classname="com.bbcnews.automation.scripts.BBCNewsSmokeTestKotlin"/>
  <testcase name="testAllowLocation" time="8.999" classname="com.bbcnews.automation.scripts.BBCNewsSmokeTestKotlin"/>
  <testcase name="testPopularPage" time="8.780" classname="com.bbcnews.automation.scripts.BBCNewsSmokeTestKotlin"/>
  <testcase name="testcheckMostWatched" time="7.843" classname="com.bbcnews.automation.scripts.BBCNewsSmokeTestKotlin"/>
  <testcase name="testMyNewsPage" time="4.725" classname="com.bbcnews.automation.scripts.BBCNewsSmokeTestKotlin"/>
  <testcase name="testAddingTopicstoMyNewsPage" time="16.153" classname="com.bbcnews.automation.scripts.BBCNewsSmokeTestKotlin"/>
  <testcase name="testCheckAddedTopicsUnderMyTopics" time="5.363" classname="com.bbcnews.automation.scripts.BBCNewsSmokeTestKotlin"/>
  <testcase name="testCheckAddedTopicsUnderMyNews" time="8.744" classname="com.bbcnews.automation.scripts.BBCNewsSmokeTestKotlin"/>
  <testcase name="testMyNewsRemoveTopics" time="9.400" classname="com.bbcnews.automation.scripts.BBCNewsSmokeTestKotlin"/>
  <testcase name="testCheckArtcilesofTopics" time="15.673" classname="com.bbcnews.automation.scripts.BBCNewsSmokeTestKotlin"/>
  <testcase name="testMenuPage" time="20.726" classname="com.bbcnews.automation.scripts.BBCNewsSmokeTestKotlin"/>
  <testcase name="testVideoPage" time="8.648" classname="com.bbcnews.automation.scripts.BBCNewsSmokeTestKotlin"/>
  <testcase name="testCheckLiveVideoSeeking" time="17.348" classname="com.bbcnews.automation.scripts.BBCNewsSmokeTestKotlin"/>
  <testcase name="testSearchStories" time="10.793" classname="com.bbcnews.automation.scripts.BBCNewsSmokeTestKotlin"/>
</testsuite> <!-- com.bbcnews.automation.scripts.BBCNewsSmokeTestKotlin -->
