<?xml version="1.0" encoding="UTF-8"?>
<!-- Generated by org.testng.reporters.JUnitReportReporter -->
<testsuite skipped="0" hostname="mc-s097627" name="com.bbcnews.automation.scripts.ExampleDemo" tests="12" failures="0" timestamp="13 Mar 2019 14:41:52 GMT" time="155.440" errors="0">
  <testcase name="testSearchStories" time="13.461" classname="com.bbcnews.automation.scripts.ExampleDemo"/>
  <testcase name="testOpenNewsApp" time="4.651" classname="com.bbcnews.automation.scripts.ExampleDemo"/>
  <testcase name="testcheckTermsPrivacyPolicy" time="17.675" classname="com.bbcnews.automation.scripts.ExampleDemo"/>
  <testcase name="testTopStoriesvideo" time="14.748" classname="com.bbcnews.automation.scripts.ExampleDemo"/>
  <testcase name="testAppbackground" time="35.841" classname="com.bbcnews.automation.scripts.ExampleDemo"/>
  <testcase name="testPopularPage" time="3.568" classname="com.bbcnews.automation.scripts.ExampleDemo"/>
  <testcase name="testCheckMostReadPopular" time="3.551" classname="com.bbcnews.automation.scripts.ExampleDemo"/>
  <testcase name="testcheckMostWatched" time="8.482" classname="com.bbcnews.automation.scripts.ExampleDemo"/>
  <testcase name="testcheckMostWatchedArticle" time="2.584" classname="com.bbcnews.automation.scripts.ExampleDemo"/>
  <testcase name="testcheckofflinescenario" time="8.711" classname="com.bbcnews.automation.scripts.ExampleDemo"/>
  <testcase name="testplayingvideooffline" time="32.351" classname="com.bbcnews.automation.scripts.ExampleDemo"/>
  <testcase name="testPlayingVideoOnLine" time="9.817" classname="com.bbcnews.automation.scripts.ExampleDemo"/>
</testsuite> <!-- com.bbcnews.automation.scripts.ExampleDemo -->
